


ARM Macro Assembler    Page 1 


    1 00000000                 PRESERVE8
    2 00000000                 THUMB
    3 00000000                 AREA             |.text|,CODE,READONLY
    4 00000000                 EXPORT           __main
    5 00000000         __main
    6 00000000 4804            LDR              R0,=0x20000000
    7 00000002 4905            LDR              R1,=0x20000200
    8 00000004 2200            MOVS             R2,#0
    9 00000006         swap
   10 00000006 5C83            LDRB             R3,[R0,R2]
   11 00000008 548B            STRB             R3,[R1,R2]
   12 0000000A 1C52            ADDS             R2,R2,#1
   13 0000000C 2A0A            CMP              R2,#10
   14 0000000E DBFA            BLT              swap
   15 00000010 E7FE    stop    B                stop
   16 00000012         END
                       
              00 00 20000000 
              20000200 
Command Line: --debug --xref --cpu=Cortex-M0 --apcs=interwork --depend=10a.d -o
10a.o -IC:\Keil\ARM\RV31\Inc -IC:\Keil\ARM\CMSIS\Include -IC:\Keil\ARM\Inc\Nuvo
ton\NUC1xx --predefine="__EVAL SETA 1" --list=10a.lst 10a.asm



ARM Macro Assembler    Page 1 Alphabetic symbol ordering
Relocatable symbols

.text 00000000

Symbol: .text
   Definitions
      At line 3 in file 10a.asm
   Uses
      None
Comment: .text unused
END 00000012

Symbol: END
   Definitions
      At line 16 in file 10a.asm
   Uses
      None
Comment: END unused
__main 00000000

Symbol: __main
   Definitions
      At line 5 in file 10a.asm
   Uses
      At line 4 in file 10a.asm
Comment: __main used once
stop 00000010

Symbol: stop
   Definitions
      At line 15 in file 10a.asm
   Uses
      At line 15 in file 10a.asm
Comment: stop used once
swap 00000006

Symbol: swap
   Definitions
      At line 9 in file 10a.asm
   Uses
      At line 14 in file 10a.asm
Comment: swap used once
5 symbols
338 symbols in table
