


ARM Macro Assembler    Page 1 


    1 00000000                 PRESERVE8
    2 00000000                 THUMB
    3 00000000                 AREA             |.text|, CODE, READONLY
    4 00000000         
    5 00000000                 EXPORT           __main
    6 00000000         
    7 00000000         __main
    8 00000000 2005            MOVS             R0,#5
    9 00000002 B401            PUSH             {R0}
   10 00000004 BC02            POP              {R1}
   11 00000006 E7FE    stop    B                stop
   12 00000008         END
                       
Command Line: --debug --xref --cpu=Cortex-M0 --apcs=interwork --depend=1a.d -o1
a.o -IC:\Keil\ARM\RV31\Inc -IC:\Keil\ARM\CMSIS\Include -IC:\Keil\ARM\Inc\Nuvoto
n\NUC1xx --predefine="__EVAL SETA 1" --list=1a.lst 1a.asm



ARM Macro Assembler    Page 1 Alphabetic symbol ordering
Relocatable symbols

.text 00000000

Symbol: .text
   Definitions
      At line 3 in file 1a.asm
   Uses
      None
Comment: .text unused
END 00000008

Symbol: END
   Definitions
      At line 12 in file 1a.asm
   Uses
      None
Comment: END unused
__main 00000000

Symbol: __main
   Definitions
      At line 7 in file 1a.asm
   Uses
      At line 5 in file 1a.asm
Comment: __main used once
stop 00000006

Symbol: stop
   Definitions
      At line 11 in file 1a.asm
   Uses
      At line 11 in file 1a.asm
Comment: stop used once
4 symbols
335 symbols in table
