


ARM Macro Assembler    Page 1 


    1 00000000                 PRESERVE8
    2 00000000                 THUMB
    3 00000000                 AREA             |.text|,CODE,READONLY
    4 00000000                 EXPORT           __main
    5 00000000         __main
    6 00000000 4804            LDR              r0,=0x12345678
    7 00000002         
    8 00000002         ;Clearing bits 15 to 18
    9 00000002 4804            LDR              r0,=0x12345678
   10 00000004 210F            MOVS             r1,#15      ; p
   11 00000006 220D            MOVS             r2,#13      ; 32-p-w
   12 00000008 41C8            RORS             r0, r1
   13 0000000A 0900            LSRS             r0, #4      ; w
   14 0000000C 41D0            RORS             r0, r2
   15 0000000E         
   16 0000000E         ;Extracting bits 24 to 26
   17 0000000E 0140            LSLS             r0, r0, #5  ; 32-w-p
   18 00000010 0F40            LSRS             r0, r0, #29 ; 32-w
   19 00000012         
   20 00000012 E7FE    stop    B                stop
   21 00000014         END
                       
              12345678 
Command Line: --debug --xref --cpu=Cortex-M0 --apcs=interwork --depend=2a.d -o2
a.o -IC:\Keil\ARM\RV31\Inc -IC:\Keil\ARM\CMSIS\Include -IC:\Keil\ARM\Inc\Nuvoto
n\NUC1xx --predefine="__EVAL SETA 1" --list=2a.lst 2a.asm



ARM Macro Assembler    Page 1 Alphabetic symbol ordering
Relocatable symbols

.text 00000000

Symbol: .text
   Definitions
      At line 3 in file 2a.asm
   Uses
      None
Comment: .text unused
END 00000014

Symbol: END
   Definitions
      At line 21 in file 2a.asm
   Uses
      None
Comment: END unused
__main 00000000

Symbol: __main
   Definitions
      At line 5 in file 2a.asm
   Uses
      At line 4 in file 2a.asm
Comment: __main used once
stop 00000012

Symbol: stop
   Definitions
      At line 20 in file 2a.asm
   Uses
      At line 20 in file 2a.asm
Comment: stop used once
4 symbols
337 symbols in table
