


ARM Macro Assembler    Page 1 


    1 00000000                 PRESERVE8
    2 00000000                 THUMB
    3 00000000                 AREA             |.text|,CODE,READONLY
    4 00000000                 EXPORT           __main
    5 00000000         func
    6 00000000 2102            MOVS             R1, #2
    7 00000002 2309            MOVS             R3,#9
    8 00000004 4348            MULS             R0,R1,R0
    9 00000006 18C0            ADDS             R0,R0,R3
   10 00000008 4770            BX               lr
   11 0000000A         
   12 0000000A         __main
   13 0000000A 2004            MOVS             R0,#4
   14 0000000C F7FF FFF8       BL               func
   15 00000010 E7FE    stop    B                stop
   16 00000012         END
                       
Command Line: --debug --xref --cpu=Cortex-M0 --apcs=interwork --depend=4a.d -o4
a.o -IC:\Keil\ARM\RV31\Inc -IC:\Keil\ARM\CMSIS\Include -IC:\Keil\ARM\Inc\Nuvoto
n\NUC1xx --predefine="__EVAL SETA 1" --list=4a.lst 4a.asm



ARM Macro Assembler    Page 1 Alphabetic symbol ordering
Relocatable symbols

.text 00000000

Symbol: .text
   Definitions
      At line 3 in file 4a.asm
   Uses
      None
Comment: .text unused
END 00000012

Symbol: END
   Definitions
      At line 16 in file 4a.asm
   Uses
      None
Comment: END unused
__main 0000000A

Symbol: __main
   Definitions
      At line 12 in file 4a.asm
   Uses
      At line 4 in file 4a.asm
Comment: __main used once
func 00000000

Symbol: func
   Definitions
      At line 5 in file 4a.asm
   Uses
      At line 14 in file 4a.asm
Comment: func used once
stop 00000010

Symbol: stop
   Definitions
      At line 15 in file 4a.asm
   Uses
      At line 15 in file 4a.asm
Comment: stop used once
5 symbols
336 symbols in table
