


ARM Macro Assembler    Page 1 


    1 00000000                 PRESERVE8
    2 00000000                 THUMB
    3 00000000                 AREA             |.text|, CODE, READONLY
    4 00000000                 EXPORT           __main
    5 00000000         __main
    6 00000000 2005            MOVS             R0,#5
    7 00000002 2101            MOVS             R1,#1
    8 00000004         loop
    9 00000004 4341            MULS             R1,R0,R1
   10 00000006 1E40            SUBS             R0,R0,#1
   11 00000008 D1FC            BNE              loop
   12 0000000A         NOP
   13 0000000A         END
                       
Command Line: --debug --xref --cpu=Cortex-M0 --apcs=interwork --depend=5a.d -o5
a.o -IC:\Keil\ARM\RV31\Inc -IC:\Keil\ARM\CMSIS\Include -IC:\Keil\ARM\Inc\Nuvoto
n\NUC1xx --predefine="__EVAL SETA 1" --list=5a.lst 5a.asm



ARM Macro Assembler    Page 1 Alphabetic symbol ordering
Relocatable symbols

.text 00000000

Symbol: .text
   Definitions
      At line 3 in file 5a.asm
   Uses
      None
Comment: .text unused
END 0000000A

Symbol: END
   Definitions
      At line 13 in file 5a.asm
   Uses
      None
Comment: END unused
NOP 0000000A

Symbol: NOP
   Definitions
      At line 12 in file 5a.asm
   Uses
      None
Comment: NOP unused
__main 00000000

Symbol: __main
   Definitions
      At line 5 in file 5a.asm
   Uses
      At line 4 in file 5a.asm
Comment: __main used once
loop 00000004

Symbol: loop
   Definitions
      At line 8 in file 5a.asm
   Uses
      At line 11 in file 5a.asm
Comment: loop used once
5 symbols
336 symbols in table
