


ARM Macro Assembler    Page 1 


    1 00000000                 PRESERVE8
    2 00000000                 THUMB
    3 00000000                 AREA             |.text|,CODE,READONLY
    4 00000000                 EXPORT           __main
    5 00000000         __main
    6 00000000 4805            LDR              R0,=0x20000100
    7 00000002 4906            LDR              R1,=0x20000500
    8 00000004 2200            MOVS             R2,#0
    9 00000006 2400            MOVS             R4,#0
   10 00000008         sum
   11 00000008 5C83            LDRB             R3,[R0,R2]
   12 0000000A 18E4            ADDS             R4,R4,R3
   13 0000000C 1C52            ADDS             R2,R2,#1
   14 0000000E 2A0A            CMP              R2,#10
   15 00000010 DBFA            BLT              sum
   16 00000012 600C            STR              R4,[R1,#0]
   17 00000014 E7FE    stop    B                stop
   18 00000016         END
                       
              00 00 20000100 
              20000500 
Command Line: --debug --xref --cpu=Cortex-M0 --apcs=interwork --depend=6a.d -o6
a.o -IC:\Keil\ARM\RV31\Inc -IC:\Keil\ARM\CMSIS\Include -IC:\Keil\ARM\Inc\Nuvoto
n\NUC1xx --predefine="__EVAL SETA 1" --list=6a.lst 6a.asm



ARM Macro Assembler    Page 1 Alphabetic symbol ordering
Relocatable symbols

.text 00000000

Symbol: .text
   Definitions
      At line 3 in file 6a.asm
   Uses
      None
Comment: .text unused
END 00000016

Symbol: END
   Definitions
      At line 18 in file 6a.asm
   Uses
      None
Comment: END unused
__main 00000000

Symbol: __main
   Definitions
      At line 5 in file 6a.asm
   Uses
      At line 4 in file 6a.asm
Comment: __main used once
stop 00000014

Symbol: stop
   Definitions
      At line 17 in file 6a.asm
   Uses
      At line 17 in file 6a.asm
Comment: stop used once
sum 00000008

Symbol: sum
   Definitions
      At line 10 in file 6a.asm
   Uses
      At line 15 in file 6a.asm
Comment: sum used once
5 symbols
338 symbols in table
