


ARM Macro Assembler    Page 1 


    1 00000000                 PRESERVE8
    2 00000000                 THUMB
    3 00000000                 AREA             |.text|,CODE,READONLY
    4 00000000                 EXPORT           __main
    5 00000000                 EXTERN           func
    6 00000000         __main
    7 00000000 2001            MOVS             R0,#1
    8 00000002 F7FF FFFE       BL               func
    9 00000006 E7FE    stop    B                stop
   10 00000008         END
                       
Command Line: --debug --xref --cpu=Cortex-M0 --apcs=interwork --depend=7a.d -o7
a.o -IC:\Keil\ARM\RV31\Inc -IC:\Keil\ARM\CMSIS\Include -IC:\Keil\ARM\Inc\Nuvoto
n\NUC1xx --predefine="__EVAL SETA 1" --list=7a.lst 7a.asm



ARM Macro Assembler    Page 1 Alphabetic symbol ordering
Relocatable symbols

.text 00000000

Symbol: .text
   Definitions
      At line 3 in file 7a.asm
   Uses
      None
Comment: .text unused
END 00000008

Symbol: END
   Definitions
      At line 10 in file 7a.asm
   Uses
      None
Comment: END unused
__main 00000000

Symbol: __main
   Definitions
      At line 6 in file 7a.asm
   Uses
      At line 4 in file 7a.asm
Comment: __main used once
stop 00000006

Symbol: stop
   Definitions
      At line 9 in file 7a.asm
   Uses
      At line 9 in file 7a.asm
Comment: stop used once
4 symbols



ARM Macro Assembler    Page 1 Alphabetic symbol ordering
External symbols

func 00000000

Symbol: func
   Definitions
      At line 5 in file 7a.asm
   Uses
      At line 8 in file 7a.asm
Comment: func used once
1 symbol
336 symbols in table
