


ARM Macro Assembler    Page 1 


    1 00000000                 PRESERVE8
    2 00000000                 THUMB
    3 00000000                 AREA             |.text|,CODE,READONLY
    4 00000000                 EXPORT           func
    5 00000000                 EXTERN           func1
    6 00000000         func
    7 00000000 2105            MOVS             R1,#5
    8 00000002 F7FF FFFE       BL               func1
    9 00000006 E7FE    stop    B                stop
   10 00000008         END
                       
Command Line: --debug --xref --cpu=Cortex-M0 --apcs=interwork --depend=7a1.d -o
7a1.o -IC:\Keil\ARM\RV31\Inc -IC:\Keil\ARM\CMSIS\Include -IC:\Keil\ARM\Inc\Nuvo
ton\NUC1xx --predefine="__EVAL SETA 1" --list=7a1.lst 7a1.asm



ARM Macro Assembler    Page 1 Alphabetic symbol ordering
Relocatable symbols

.text 00000000

Symbol: .text
   Definitions
      At line 3 in file 7a1.asm
   Uses
      None
Comment: .text unused
END 00000008

Symbol: END
   Definitions
      At line 10 in file 7a1.asm
   Uses
      None
Comment: END unused
func 00000000

Symbol: func
   Definitions
      At line 6 in file 7a1.asm
   Uses
      At line 4 in file 7a1.asm
Comment: func used once
stop 00000006

Symbol: stop
   Definitions
      At line 9 in file 7a1.asm
   Uses
      At line 9 in file 7a1.asm
Comment: stop used once
4 symbols



ARM Macro Assembler    Page 1 Alphabetic symbol ordering
External symbols

func1 00000000

Symbol: func1
   Definitions
      At line 5 in file 7a1.asm
   Uses
      At line 8 in file 7a1.asm
Comment: func1 used once
1 symbol
336 symbols in table
