


ARM Macro Assembler    Page 1 


    1 00000000                 PRESERVE8
    2 00000000                 THUMB
    3 00000000                 AREA             |.text|,CODE,READONLY
    4 00000000                 EXPORT           func1
    5 00000000         func1
    6 00000000 200A            MOVS             R0,#10
    7 00000002 4770            BX               LR
    8 00000004 E7FE    stop    B                stop
    9 00000006         END
                       
Command Line: --debug --xref --cpu=Cortex-M0 --apcs=interwork --depend=7a2.d -o
7a2.o -IC:\Keil\ARM\RV31\Inc -IC:\Keil\ARM\CMSIS\Include -IC:\Keil\ARM\Inc\Nuvo
ton\NUC1xx --predefine="__EVAL SETA 1" --list=7a2.lst 7a2.asm



ARM Macro Assembler    Page 1 Alphabetic symbol ordering
Relocatable symbols

.text 00000000

Symbol: .text
   Definitions
      At line 3 in file 7a2.asm
   Uses
      None
Comment: .text unused
END 00000006

Symbol: END
   Definitions
      At line 9 in file 7a2.asm
   Uses
      None
Comment: END unused
func1 00000000

Symbol: func1
   Definitions
      At line 5 in file 7a2.asm
   Uses
      At line 4 in file 7a2.asm
Comment: func1 used once
stop 00000004

Symbol: stop
   Definitions
      At line 8 in file 7a2.asm
   Uses
      At line 8 in file 7a2.asm
Comment: stop used once
4 symbols
335 symbols in table
