


ARM Macro Assembler    Page 1 


    1 00000000                 PRESERVE8
    2 00000000                 THUMB
    3 00000000                 AREA             |.text|,CODE,READONLY
    4 00000000                 EXPORT           __main
    5 00000000         __main
    6 00000000 2005            MOVS             R0,#5
    7 00000002 2105            MOVS             R1,#5
    8 00000004 2202            MOVS             R2,#2
    9 00000006 4341            MULS             R1,R0,R1
   10 00000008 4351            MULS             R1,R2,R1
   11 0000000A 1809            ADDS             R1,R1,R0
   12 0000000C 1CC9            ADDS             R1,R1,#3
   13 0000000E E7FE    stop    B                stop
   14 00000010         END
                       
Command Line: --debug --xref --cpu=Cortex-M0 --apcs=interwork --depend=9a.d -o9
a.o -IC:\Keil\ARM\RV31\Inc -IC:\Keil\ARM\CMSIS\Include -IC:\Keil\ARM\Inc\Nuvoto
n\NUC1xx --predefine="__EVAL SETA 1" --list=9a.lst 9a.asm



ARM Macro Assembler    Page 1 Alphabetic symbol ordering
Relocatable symbols

.text 00000000

Symbol: .text
   Definitions
      At line 3 in file 9a.asm
   Uses
      None
Comment: .text unused
END 00000010

Symbol: END
   Definitions
      At line 14 in file 9a.asm
   Uses
      None
Comment: END unused
__main 00000000

Symbol: __main
   Definitions
      At line 5 in file 9a.asm
   Uses
      At line 4 in file 9a.asm
Comment: __main used once
stop 0000000E

Symbol: stop
   Definitions
      At line 13 in file 9a.asm
   Uses
      At line 13 in file 9a.asm
Comment: stop used once
4 symbols
335 symbols in table
